[debug] ----------------------------------------------------------------------
[debug] Command:      C:\Program Files\nodejs\node.exe C:\Users\cscovino\AppData\Roaming\npm\node_modules\firebase-tools\bin\firebase deploy
[debug] CLI Version:  3.6.1
[debug] Platform:     win32
[debug] Node Version: v6.9.4
[debug] Time:         Fri May 12 2017 15:27:17 GMT-0400 (Venezuela Standard Time)
[debug] ----------------------------------------------------------------------
[debug] 
[debug] > command requires scopes: ["email","openid","https://www.googleapis.com/auth/cloudplatformprojects.readonly","https://www.googleapis.com/auth/firebase","https://www.googleapis.com/auth/cloud-platform"]
[debug] > refreshing access token with scopes: ["email","https://www.googleapis.com/auth/cloud-platform","https://www.googleapis.com/auth/cloudplatformprojects.readonly","https://www.googleapis.com/auth/firebase","openid"]
[debug] >>> HTTP REQUEST POST https://www.googleapis.com/oauth2/v3/token { refresh_token: '1/C55Fyvq43aJRVmTtlmqY9fDSfaVkSSJuCxnD3CDiZ2Da6t4B4abOPj6y1S58j7-N',
  client_id: '563584335869-fgrhgmd47bqnekij5i8b5pr03ho849e6.apps.googleusercontent.com',
  client_secret: 'j9iVZfS8kkCEFUPaAeJV0sAi',
  grant_type: 'refresh_token',
  scope: 'email https://www.googleapis.com/auth/cloud-platform https://www.googleapis.com/auth/cloudplatformprojects.readonly https://www.googleapis.com/auth/firebase openid' } 
 Fri May 12 2017 15:27:18 GMT-0400 (Venezuela Standard Time)
[debug] <<< HTTP RESPONSE 200
[debug] >>> HTTP REQUEST GET https://admin.firebase.com/v1/projects/drinksmenu-ab56b  
 Fri May 12 2017 15:27:19 GMT-0400 (Venezuela Standard Time)
[debug] <<< HTTP RESPONSE 200
[debug] >>> HTTP REQUEST GET https://admin.firebase.com/v1/database/drinksmenu-ab56b/tokens  
 Fri May 12 2017 15:27:20 GMT-0400 (Venezuela Standard Time)
[debug] <<< HTTP RESPONSE 200
[info] 
[info] === Deploying to 'drinksmenu-ab56b'...
[info] 
[info] i  deploying database, functions, hosting
[info] +  database: rules ready to deploy.
[debug] > [functions] package.json contents: {
  "name": "functions",
  "description": "Cloud Functions for Firebase",
  "dependencies": {
    "firebase-admin": "~4.1.2",
    "firebase-functions": "^0.5"
  },
  "private": true
}
[info] i  functions: ensuring necessary APIs are enabled...
[info] i  runtimeconfig: ensuring necessary APIs are enabled...
[debug] >>> HTTP REQUEST GET https://servicemanagement.googleapis.com/v1/services/cloudfunctions.googleapis.com/projectSettings/drinksmenu-ab56b?view=CONSUMER_VIEW  
 Fri May 12 2017 15:27:22 GMT-0400 (Venezuela Standard Time)
[debug] >>> HTTP REQUEST GET https://servicemanagement.googleapis.com/v1/services/runtimeconfig.googleapis.com/projectSettings/drinksmenu-ab56b?view=CONSUMER_VIEW  
 Fri May 12 2017 15:27:22 GMT-0400 (Venezuela Standard Time)
[debug] <<< HTTP RESPONSE 200
[info] +  functions: all necessary APIs are enabled
[debug] Error: connect ETIMEDOUT 216.58.202.234:443
    at Object.exports._errnoException (util.js:1022:11)
    at exports._exceptionWithHostPort (util.js:1045:20)
    at TCPConnectWrap.afterConnect [as oncomplete] (net.js:1087:14)
[error] 
[error] Error: Server Error. connect ETIMEDOUT 216.58.202.234:443
[debug] ----------------------------------------------------------------------
[debug] Command:      C:\Program Files\nodejs\node.exe C:\Users\cscovino\AppData\Roaming\npm\node_modules\firebase-tools\bin\firebase deploy
[debug] CLI Version:  3.7.0
[debug] Platform:     win32
[debug] Node Version: v6.9.4
[debug] Time:         Fri May 12 2017 15:34:07 GMT-0400 (Venezuela Standard Time)
[debug] ----------------------------------------------------------------------
[debug] 
[debug] > command requires scopes: ["email","openid","https://www.googleapis.com/auth/cloudplatformprojects.readonly","https://www.googleapis.com/auth/firebase","https://www.googleapis.com/auth/cloud-platform"]
[debug] >>> HTTP REQUEST GET https://admin.firebase.com/v1/projects/drinksmenu-ab56b  
 Fri May 12 2017 15:34:08 GMT-0400 (Venezuela Standard Time)
[debug] <<< HTTP RESPONSE 200
[debug] >>> HTTP REQUEST GET https://admin.firebase.com/v1/database/drinksmenu-ab56b/tokens  
 Fri May 12 2017 15:34:08 GMT-0400 (Venezuela Standard Time)
[debug] <<< HTTP RESPONSE 200
[info] 
[info] === Deploying to 'drinksmenu-ab56b'...
[info] 
[info] i  deploying database, functions, hosting
[info] +  database: rules ready to deploy.
[debug] > [functions] package.json contents: {
  "name": "functions",
  "description": "Cloud Functions for Firebase",
  "dependencies": {
    "firebase-admin": "~4.1.2",
    "firebase-functions": "^0.5"
  },
  "private": true
}
[info] i  functions: ensuring necessary APIs are enabled...
[info] i  runtimeconfig: ensuring necessary APIs are enabled...
[debug] >>> HTTP REQUEST GET https://servicemanagement.googleapis.com/v1/services/cloudfunctions.googleapis.com/projectSettings/drinksmenu-ab56b?view=CONSUMER_VIEW  
 Fri May 12 2017 15:34:10 GMT-0400 (Venezuela Standard Time)
[debug] >>> HTTP REQUEST GET https://servicemanagement.googleapis.com/v1/services/runtimeconfig.googleapis.com/projectSettings/drinksmenu-ab56b?view=CONSUMER_VIEW  
 Fri May 12 2017 15:34:10 GMT-0400 (Venezuela Standard Time)
[debug] <<< HTTP RESPONSE 200
[info] +  runtimeconfig: all necessary APIs are enabled
[debug] Error: connect ETIMEDOUT 216.58.202.234:443
    at Object.exports._errnoException (util.js:1022:11)
    at exports._exceptionWithHostPort (util.js:1045:20)
    at TCPConnectWrap.afterConnect [as oncomplete] (net.js:1087:14)
[error] 
[error] Error: Server Error. connect ETIMEDOUT 216.58.202.234:443
[debug] ----------------------------------------------------------------------
[debug] Command:      C:\Program Files\nodejs\node.exe C:\Users\cscovino\AppData\Roaming\npm\node_modules\firebase-tools\bin\firebase deploy
[debug] CLI Version:  3.7.0
[debug] Platform:     win32
[debug] Node Version: v6.9.4
[debug] Time:         Fri May 12 2017 15:41:39 GMT-0400 (Venezuela Standard Time)
[debug] ----------------------------------------------------------------------
[debug] 
[debug] > command requires scopes: ["email","openid","https://www.googleapis.com/auth/cloudplatformprojects.readonly","https://www.googleapis.com/auth/firebase","https://www.googleapis.com/auth/cloud-platform"]
[debug] >>> HTTP REQUEST GET https://admin.firebase.com/v1/projects/drinksmenu-ab56b  
 Fri May 12 2017 15:41:39 GMT-0400 (Venezuela Standard Time)
[debug] <<< HTTP RESPONSE 200
[debug] >>> HTTP REQUEST GET https://admin.firebase.com/v1/database/drinksmenu-ab56b/tokens  
 Fri May 12 2017 15:41:40 GMT-0400 (Venezuela Standard Time)
[debug] <<< HTTP RESPONSE 200
[info] 
[info] === Deploying to 'drinksmenu-ab56b'...
[info] 
[info] i  deploying database, functions, hosting
[info] +  database: rules ready to deploy.
[debug] > [functions] package.json contents: {
  "name": "functions",
  "description": "Cloud Functions for Firebase",
  "dependencies": {
    "firebase-admin": "~4.1.2",
    "firebase-functions": "^0.5"
  },
  "private": true
}
[info] i  functions: ensuring necessary APIs are enabled...
[info] i  runtimeconfig: ensuring necessary APIs are enabled...
[debug] >>> HTTP REQUEST GET https://servicemanagement.googleapis.com/v1/services/cloudfunctions.googleapis.com/projectSettings/drinksmenu-ab56b?view=CONSUMER_VIEW  
 Fri May 12 2017 15:41:42 GMT-0400 (Venezuela Standard Time)
[debug] >>> HTTP REQUEST GET https://servicemanagement.googleapis.com/v1/services/runtimeconfig.googleapis.com/projectSettings/drinksmenu-ab56b?view=CONSUMER_VIEW  
 Fri May 12 2017 15:41:42 GMT-0400 (Venezuela Standard Time)
[debug] <<< HTTP RESPONSE 200
[info] +  runtimeconfig: all necessary APIs are enabled
[debug] Error: connect ETIMEDOUT 216.58.202.234:443
    at Object.exports._errnoException (util.js:1022:11)
    at exports._exceptionWithHostPort (util.js:1045:20)
    at TCPConnectWrap.afterConnect [as oncomplete] (net.js:1087:14)
[error] 
[error] Error: Server Error. connect ETIMEDOUT 216.58.202.234:443
[debug] ----------------------------------------------------------------------
[debug] Command:      C:\Program Files\nodejs\node.exe C:\Users\cscovino\AppData\Roaming\npm\node_modules\firebase-tools\bin\firebase deploy
[debug] CLI Version:  3.7.0
[debug] Platform:     win32
[debug] Node Version: v6.9.4
[debug] Time:         Fri May 12 2017 16:49:52 GMT-0400 (Venezuela Standard Time)
[debug] ----------------------------------------------------------------------
[debug] 
[debug] > command requires scopes: ["email","openid","https://www.googleapis.com/auth/cloudplatformprojects.readonly","https://www.googleapis.com/auth/firebase","https://www.googleapis.com/auth/cloud-platform"]
[debug] > refreshing access token with scopes: ["email","https://www.googleapis.com/auth/cloud-platform","https://www.googleapis.com/auth/cloudplatformprojects.readonly","https://www.googleapis.com/auth/firebase","openid"]
[debug] >>> HTTP REQUEST POST https://www.googleapis.com/oauth2/v3/token { refresh_token: '1/C55Fyvq43aJRVmTtlmqY9fDSfaVkSSJuCxnD3CDiZ2Da6t4B4abOPj6y1S58j7-N',
  client_id: '563584335869-fgrhgmd47bqnekij5i8b5pr03ho849e6.apps.googleusercontent.com',
  client_secret: 'j9iVZfS8kkCEFUPaAeJV0sAi',
  grant_type: 'refresh_token',
  scope: 'email https://www.googleapis.com/auth/cloud-platform https://www.googleapis.com/auth/cloudplatformprojects.readonly https://www.googleapis.com/auth/firebase openid' } 
 Fri May 12 2017 16:49:52 GMT-0400 (Venezuela Standard Time)
[debug] <<< HTTP RESPONSE 200
[debug] >>> HTTP REQUEST GET https://admin.firebase.com/v1/projects/drinksmenu-ab56b  
 Fri May 12 2017 16:49:56 GMT-0400 (Venezuela Standard Time)
[debug] <<< HTTP RESPONSE 200
[debug] >>> HTTP REQUEST GET https://admin.firebase.com/v1/database/drinksmenu-ab56b/tokens  
 Fri May 12 2017 16:49:59 GMT-0400 (Venezuela Standard Time)
[debug] <<< HTTP RESPONSE 200
[info] 
[info] === Deploying to 'drinksmenu-ab56b'...
[info] 
[info] i  deploying database, functions, hosting
[info] +  database: rules ready to deploy.
[debug] > [functions] package.json contents: {
  "name": "functions",
  "description": "Cloud Functions for Firebase",
  "dependencies": {
    "firebase-admin": "~4.1.2",
    "firebase-functions": "^0.5"
  },
  "private": true
}
[info] i  functions: ensuring necessary APIs are enabled...
[info] i  runtimeconfig: ensuring necessary APIs are enabled...
[debug] >>> HTTP REQUEST GET https://servicemanagement.googleapis.com/v1/services/cloudfunctions.googleapis.com/projectSettings/drinksmenu-ab56b?view=CONSUMER_VIEW  
 Fri May 12 2017 16:50:07 GMT-0400 (Venezuela Standard Time)
[debug] >>> HTTP REQUEST GET https://servicemanagement.googleapis.com/v1/services/runtimeconfig.googleapis.com/projectSettings/drinksmenu-ab56b?view=CONSUMER_VIEW  
 Fri May 12 2017 16:50:07 GMT-0400 (Venezuela Standard Time)
[debug] <<< HTTP RESPONSE 200
[info] +  functions: all necessary APIs are enabled
[debug] Error: connect ETIMEDOUT 216.58.202.234:443
    at Object.exports._errnoException (util.js:1022:11)
    at exports._exceptionWithHostPort (util.js:1045:20)
    at TCPConnectWrap.afterConnect [as oncomplete] (net.js:1087:14)
[error] 
[error] Error: Server Error. connect ETIMEDOUT 216.58.202.234:443
